<?xml version="1.0" encoding="UTF-8"?>
<!-- Generated by org.testng.reporters.JUnitReportReporter -->
<testsuite hostname="LAPTOP-SAPG2265" failures="0" tests="1" name="testPackage.Day2" time="0.001" errors="0" timestamp="2022-08-16T22:33:05 IST" skipped="0">
  <testcase classname="testPackage.Day2" name="pLoan" time="0.001"/>
  <system-out/>
</testsuite> <!-- testPackage.Day2 -->
