<?xml version="1.0" encoding="UTF-8"?>
<!-- Generated by org.testng.reporters.JUnitReportReporter -->
<testsuite hostname="LAPTOP-SAPG2265" failures="0" tests="3" name="testPackage.Day4" time="0.003" errors="0" timestamp="2022-08-16T22:33:05 IST" skipped="1">
  <testcase classname="testPackage.Day4" name="mobileLoginHomeLoan" time="0.002"/>
  <system-out/>
  <testcase classname="testPackage.Day4" name="webLoginHomeLoan" time="0.001"/>
  <system-out/>
  <testcase classname="testPackage.Day4" name="loginAPIHomeLoan">
    <skipped/>
  </testcase> <!-- loginAPIHomeLoan -->
  <system-out/>
</testsuite> <!-- testPackage.Day4 -->
