<?xml version="1.0" encoding="UTF-8"?>
<!-- Generated by org.testng.reporters.JUnitReportReporter -->
<testsuite hostname="LAPTOP-SAPG2265" failures="0" tests="6" name="testPackage.Day3" time="0.014" errors="0" timestamp="2022-08-16T22:33:05 IST" skipped="0">
  <testcase classname="testPackage.Day3" name="mobileSignoutCarLoan" time="0.002"/>
  <system-out/>
  <testcase classname="testPackage.Day3" name="mobileSigninCarLoan" time="0.000"/>
  <system-out/>
  <testcase classname="testPackage.Day3" name="mobileSignoutCarLoan" time="0.001"/>
  <system-out/>
  <testcase classname="testPackage.Day3" name="webLoginCarLoan" time="0.000"/>
  <system-out/>
  <testcase classname="testPackage.Day3" name="mobileLoginCarLoan" time="0.010"/>
  <system-out/>
  <testcase classname="testPackage.Day3" name="mobileSignoutCarLoan" time="0.001"/>
  <system-out/>
</testsuite> <!-- testPackage.Day3 -->
